<?xml version="1.0" encoding="UTF-8"?>
<!-- Generated by org.testng.reporters.JUnitReportReporter -->
<testsuite hostname="Dell" failures="0" tests="1" name="com.ajaxgooglesearch.testcases.AjaxGoogleSearch" time="8.862" errors="0" timestamp="2021-05-21T16:28:48 PKT" skipped="0">
  <testcase classname="com.ajaxgooglesearch.testcases.AjaxGoogleSearch" name="main" time="8.862"/>
  <system-out/>
</testsuite> <!-- com.ajaxgooglesearch.testcases.AjaxGoogleSearch -->
